<?xml version="1.0" encoding="UTF-8"?>
<testng-results ignored="0" total="1" passed="1" failed="0" skipped="0">
  <reporter-output>
  </reporter-output>
  <suite started-at="2022-08-30T15:10:13 IST" name="Test01_GET" finished-at="2022-08-30T15:10:22 IST" duration-ms="8871">
    <groups>
    </groups>
    <test started-at="2022-08-30T15:10:13 IST" name="Command line test" finished-at="2022-08-30T15:10:22 IST" duration-ms="8871">
      <class name="Test01_GET">
        <test-method signature="test_01()[pri:0, instance:Test01_GET@76a4d6c]" started-at="2022-08-30T15:10:14 IST" name="test_01" finished-at="2022-08-30T15:10:22 IST" duration-ms="8694" status="PASS">
          <reporter-output>
          </reporter-output>
        </test-method> <!-- test_01 -->
      </class> <!-- Test01_GET -->
    </test> <!-- Command line test -->
  </suite> <!-- Test01_GET -->
</testng-results>
