<?xml version="1.0" encoding="UTF-8"?>
<testng-results ignored="0" total="1" passed="1" failed="0" skipped="0">
  <reporter-output>
  </reporter-output>
  <suite started-at="2022-08-03T16:30:15 IST" name="Default suite" finished-at="2022-08-03T16:30:24 IST" duration-ms="9393">
    <groups>
    </groups>
    <test started-at="2022-08-03T16:30:15 IST" name="Default test" finished-at="2022-08-03T16:30:24 IST" duration-ms="9393">
      <class name="Test01_GET">
        <test-method signature="test_01()[pri:0, instance:Test01_GET@4d5b6aac]" started-at="2022-08-03T16:30:15 IST" name="test_01" finished-at="2022-08-03T16:30:24 IST" duration-ms="9340" status="PASS">
          <reporter-output>
          </reporter-output>
        </test-method> <!-- test_01 -->
      </class> <!-- Test01_GET -->
    </test> <!-- Default test -->
  </suite> <!-- Default suite -->
</testng-results>
